<?xml version="1.0" encoding="UTF-8"?>
<!-- Generated by org.testng.reporters.JUnitReportReporter -->
<testsuite hostname="DESKTOP-BS115LP" failures="0" tests="3" name="com.FrameWork.Bootcamp_ApiAutomation.Get_Operation" time="2.660" errors="0" timestamp="2022-05-03T02:03:41 EDT" skipped="0">
  <testcase classname="com.FrameWork.Bootcamp_ApiAutomation.Get_Operation" name="get_all_data_from_EmployeeDetails" time="0.083"/>
  <system-out/>
  <testcase classname="com.FrameWork.Bootcamp_ApiAutomation.Get_Operation" name="get_all_data_from_City" time="2.479"/>
  <system-out/>
  <testcase classname="com.FrameWork.Bootcamp_ApiAutomation.Get_Operation" name="get_all_data_from_Customers" time="0.098"/>
  <system-out/>
</testsuite> <!-- com.FrameWork.Bootcamp_ApiAutomation.Get_Operation -->
