<?xml version="1.0" encoding="UTF-8"?>
<!-- Generated by org.testng.reporters.JUnitReportReporter -->
<testsuite hostname="DESKTOP-BS115LP" failures="0" tests="3" name="com.FrameWork.Bootcamp_ApiAutomation.Post_Operation" time="3.531" errors="0" timestamp="2022-05-03T02:40:13 EDT" skipped="0">
  <testcase classname="com.FrameWork.Bootcamp_ApiAutomation.Post_Operation" name="add_a_record_in_Customers" time="0.072"/>
  <system-out/>
  <testcase classname="com.FrameWork.Bootcamp_ApiAutomation.Post_Operation" name="Add_a_record_in_EmployeeDetails" time="3.401"/>
  <system-out/>
  <testcase classname="com.FrameWork.Bootcamp_ApiAutomation.Post_Operation" name="add_a_record_in_city" time="0.058"/>
  <system-out/>
</testsuite> <!-- com.FrameWork.Bootcamp_ApiAutomation.Post_Operation -->
