<?xml version="1.0" encoding="UTF-8"?>
<!-- Generated by org.testng.reporters.JUnitReportReporter -->
<testsuite hostname="DESKTOP-BS115LP" failures="0" tests="3" name="com.FrameWork.Bootcamp_ApiAutomation.Delete_Operation" time="2.715" errors="0" timestamp="2022-05-03T02:47:00 EDT" skipped="0">
  <testcase classname="com.FrameWork.Bootcamp_ApiAutomation.Delete_Operation" name="Delete_a_record_from_Customers" time="0.061"/>
  <system-out/>
  <testcase classname="com.FrameWork.Bootcamp_ApiAutomation.Delete_Operation" name="Delete_a_record_from_City" time="2.587"/>
  <system-out/>
  <testcase classname="com.FrameWork.Bootcamp_ApiAutomation.Delete_Operation" name="Delete_a_record_from_EmployeeDetails" time="0.067"/>
  <system-out/>
</testsuite> <!-- com.FrameWork.Bootcamp_ApiAutomation.Delete_Operation -->
