<?xml version="1.0" encoding="UTF-8"?>
<!-- Generated by org.testng.reporters.JUnitReportReporter -->
<testsuite hostname="DESKTOP-BS115LP" failures="0" tests="1" name="mySQLDemo.Top5fromEmployeesTable" time="0.621" errors="0" timestamp="2022-05-04T04:09:46 EDT" skipped="0">
  <testcase classname="mySQLDemo.Top5fromEmployeesTable" name="dbConnection" time="0.621"/>
  <system-out/>
</testsuite> <!-- mySQLDemo.Top5fromEmployeesTable -->
