<?xml version="1.0" encoding="UTF-8"?>
<!-- Generated by org.testng.reporters.JUnitReportReporter -->
<testsuite hostname="DESKTOP-BS115LP" failures="0" tests="1" name="mySQLDemo.Top5fromCountriesTable" time="0.602" errors="0" timestamp="2022-05-04T04:01:13 EDT" skipped="0">
  <testcase classname="mySQLDemo.Top5fromCountriesTable" name="dbConnection" time="0.602"/>
  <system-out/>
</testsuite> <!-- mySQLDemo.Top5fromCountriesTable -->
