<?xml version="1.0" encoding="UTF-8"?>
<!-- Generated by org.testng.reporters.JUnitReportReporter -->
<testsuite hostname="DESKTOP-BS115LP" failures="0" tests="1" name="mySQLDemo.Top5fromLocationsTable" time="0.661" errors="0" timestamp="2022-05-04T04:11:59 EDT" skipped="0">
  <testcase classname="mySQLDemo.Top5fromLocationsTable" name="dbConnection" time="0.661"/>
  <system-out/>
</testsuite> <!-- mySQLDemo.Top5fromLocationsTable -->
