<?xml version="1.0" encoding="UTF-8"?>
<!-- Generated by org.testng.reporters.JUnitReportReporter -->
<testsuite hostname="DESKTOP-BS115LP" failures="0" tests="1" name="mySQLDemo.Top5fromDepartmentsTable" time="0.613" errors="0" timestamp="2022-05-04T04:07:26 EDT" skipped="0">
  <testcase classname="mySQLDemo.Top5fromDepartmentsTable" name="dbConnection" time="0.613"/>
  <system-out/>
</testsuite> <!-- mySQLDemo.Top5fromDepartmentsTable -->
