<?xml version="1.0" encoding="UTF-8"?>
<!-- Generated by org.testng.reporters.JUnitReportReporter -->
<testsuite hostname="DESKTOP-BS115LP" failures="0" tests="1" name="mySQLDemo.MySQLDMLCommands" time="0.785" errors="0" timestamp="2022-05-03T03:11:26 EDT" skipped="0">
  <testcase classname="mySQLDemo.MySQLDMLCommands" name="dbConnection" time="0.785"/>
  <system-out/>
</testsuite> <!-- mySQLDemo.MySQLDMLCommands -->
